T50AC 000:001.374   SEGGER J-Link V7.92o Log File
T50AC 000:001.623   DLL Compiled: Nov  8 2023 15:40:38
T50AC 000:001.641   Logging started @ 2024-03-06 12:22
T50AC 000:001.657   Process: E:\Internship_Indiesemic\.eclipse\com.renesas.platform_865760450\DebugComp\RA\e2-server-gdb.exe
T50AC 000:001.677 - 1.672ms
T50AC 000:001.710 JLINK_GetDLLVersion()
T50AC 000:001.729 - 0.021ms returns 79215
T50AC 000:003.482 JLINK_OpenEx(...)
T50AC 000:016.839   Firmware: J-Link OB-S124 compiled Dec 13 2023 14:39:54
T50AC 000:018.036   Firmware: J-Link OB-S124 compiled Dec 13 2023 14:39:54
T50AC 000:040.624   Hardware: V1.00
T50AC 000:040.673   S/N: 831783741
T50AC 000:040.695   OEM: SEGGER
T50AC 000:040.728   Feature(s): None
T50AC 000:041.951   Bootloader: 2019 Oct 15
T50AC 000:042.899   USB speed mode: Full speed (12 MBit/s)
T50AC 000:043.733   TELNET listener socket opened on port 19021
T50AC 000:043.991   WEBSRV WEBSRV_Init(): Starting webserver thread(s)
T50AC 000:044.429   WEBSRV Webserver running on local port 19080
T50AC 000:044.620   Looking for J-Link GUI Server exe at: E:\Internship_Indiesemic\.eclipse\com.renesas.platform_865760450\DebugComp\RA\ARM\Segger_v7.92.15\JLinkGUIServer.exe
T50AC 000:044.979   Looking for J-Link GUI Server exe at: C:\Program Files\SEGGER\JLink\JLinkGUIServer.exe
T50AC 000:045.081   Forking J-Link GUI Server: C:\Program Files\SEGGER\JLink\JLinkGUIServer.exe
T50AC 000:121.963   J-Link GUI Server info: "J-Link GUI server V7.88j "
T50AC 000:133.209 - 129.714ms returns "O.K."
T50AC 000:133.509 JLINK_ExecCommand("ProjectFile=E:\Indiesemic_codes\Renesas\spi/spi Debug_Flat.jlink", ...). 
T50AC 000:175.981 - 42.477ms returns 0x00
T50AC 000:176.983 JLINK_ExecCommand("device=R7FA6E10F", ...). 
T50AC 000:177.482   Flash bank @ 0x0100A100: SFL: Parsing sectorization info from ELF file
T50AC 000:177.512     FlashDevice.SectorInfo[0]: .SectorSize = 0x00000010, .SectorStartAddr = 0x00000000
T50AC 000:177.537   FlashBank @0x0100A100: Sectorization info from SFL ELF file ignored because sectorization override from DLL / XML file is active.
T50AC 000:178.353   Flash bank @ 0x60000000: SFL: Parsing sectorization info from ELF file
T50AC 000:178.390     FlashDevice.SectorInfo[0]: .SectorSize = 0x00010000, .SectorStartAddr = 0x00000000
T50AC 000:184.976   Device "R7FA6E10F" selected.
T50AC 000:185.948 - 8.927ms returns 0x00
T50AC 000:186.016 JLINK_ReadMem(0xE000EDF0, 0x4 Bytes, ...)
T50AC 000:186.405   ConfigTargetSettings() start
T50AC 000:186.443    J-Link Script File: Executing ConfigTargetSettings()
T50AC 000:186.478   Configuring FlashDLNoRMWThreshold=0x200 in order to make sure that option bytes programming is done via read-modify-write
T50AC 000:204.700   ConfigTargetSettings() end - Took 18.2ms
T50AC 000:205.913   InitTarget() start
T50AC 000:205.980    J-Link Script File: Executing InitTarget()
T50AC 000:206.011   SWD selected. Executing JTAG -> SWD switching sequence.
T50AC 000:212.492   DAP initialized successfully.
T50AC 000:212.540   Determining TrustZone configuration...
T50AC 000:215.716     Secure Debug: Enabled (SSD)
T50AC 000:215.770   Determining currently configured transfer type by reading the AHB-AP CSW register.
T50AC 000:218.368     --> Correct transfer type configured. Done.
T50AC 000:218.405   InitTarget() end - Took 12.4ms
T50AC 000:220.750   Found SW-DP with ID 0x6BA02477
T50AC 000:228.591   DPIDR: 0x6BA02477
T50AC 000:228.644   CoreSight SoC-400 or earlier
T50AC 000:228.667   Scanning AP map to find all available APs
T50AC 000:232.386   AP[2]: Stopped AP scan as end of AP map has been reached
T50AC 000:232.433   AP[0]: AHB-AP (IDR: 0x84770001)
T50AC 000:232.456   AP[1]: APB-AP (IDR: 0x54770002)
T50AC 000:232.478   Iterating through AP map to find AHB-AP to use
T50AC 000:236.239   AP[0]: Core found
T50AC 000:236.266   AP[0]: AHB-AP ROM base: 0xE00FE000
T50AC 000:238.254   CPUID register: 0x410FD214. Implementer code: 0x41 (ARM)
T50AC 000:238.301   Feature set: Mainline
T50AC 000:240.222   Cache: No cache
T50AC 000:240.269   Found Cortex-M33 r0p4, Little endian.
T50AC 000:241.121   -- Max. mem block: 0x00001960
T50AC 000:243.178   CPU_ReadMem(4 bytes @ 0xE000EDF0)
T50AC 000:246.775   CPU_ReadMem(4 bytes @ 0xE0002000)
T50AC 000:248.761   FPUnit: 8 code (BP) slots and 0 literal slots
T50AC 000:248.802   CPU_ReadMem(4 bytes @ 0xE000EDFC)
T50AC 000:250.761   CPU_ReadMem(4 bytes @ 0xE0001000)
T50AC 000:252.723   CPU_ReadMem(4 bytes @ 0xE0001000)
T50AC 000:254.751   CPU_ReadMem(4 bytes @ 0xE0001028)
T50AC 000:256.754   CPU_ReadMem(4 bytes @ 0xE0001038)
T50AC 000:258.816   CPU_ReadMem(4 bytes @ 0xE0001048)
T50AC 000:260.783   CPU_ReadMem(4 bytes @ 0xE0001058)
T50AC 000:262.766   CPU_WriteMem(4 bytes @ 0xE0001000)
T50AC 000:264.755   CPU_ReadMem(4 bytes @ 0xE000ED88)
T50AC 000:266.730   CPU_WriteMem(4 bytes @ 0xE000ED88)
T50AC 000:268.708   CPU_ReadMem(4 bytes @ 0xE000ED88)
T50AC 000:270.721   CPU_WriteMem(4 bytes @ 0xE000ED88)
T50AC 000:272.712   CPU_ReadMem(4 bytes @ 0xE000EFB8)
T50AC 000:274.679   Security extension: implemented
T50AC 000:274.708   Secure debug: enabled
T50AC 000:274.729   CoreSight components:
T50AC 000:274.763   ROMTbl[0] @ E00FE000
T50AC 000:274.787   CPU_ReadMem(64 bytes @ 0xE00FE000)
T50AC 000:280.825   CPU_ReadMem(32 bytes @ 0xE0044FE0)
T50AC 000:284.729   CPU_ReadMem(4 bytes @ 0xE0044FBC)
T50AC 000:286.730   CPU_ReadMem(4 bytes @ 0xE0044FCC)
T50AC 000:288.721   [0][0]: E0044000 CID B105900D PID 005BB906 DEVARCH 00000000 DEVTYPE 14 CTI (?)
T50AC 000:288.758   CPU_ReadMem(32 bytes @ 0xE0047FE0)
T50AC 000:292.615   CPU_ReadMem(4 bytes @ 0xE0047FBC)
T50AC 000:294.562   CPU_ReadMem(4 bytes @ 0xE0047FCC)
T50AC 000:296.497   [0][1]: E0047000 CID B105900D PID 003BB908 DEVARCH 00000000 DEVTYPE 12 CSTF
T50AC 000:296.525   CPU_ReadMem(32 bytes @ 0xE0048FE0)
T50AC 000:300.401   CPU_ReadMem(4 bytes @ 0xE0048FBC)
T50AC 000:302.383   CPU_ReadMem(4 bytes @ 0xE0048FCC)
T50AC 000:304.334   [0][2]: E0048000 CID B105900D PID 001BB961 DEVARCH 00000000 DEVTYPE 21 ETB
T50AC 000:304.369   CPU_ReadMem(32 bytes @ 0xE0049FE0)
T50AC 000:308.224   [0][3]: E0049000 CID B105F00D PID 001BB101 TSG
T50AC 000:308.260   CPU_ReadMem(32 bytes @ 0xE0040FE0)
T50AC 000:312.197   CPU_ReadMem(4 bytes @ 0xE0040FBC)
T50AC 000:314.203   CPU_ReadMem(4 bytes @ 0xE0040FCC)
T50AC 000:316.171   [0][4]: E0040000 CID B105900D PID 000BBD21 DEVARCH 00000000 DEVTYPE 11 TPIU
T50AC 000:316.211   CPU_ReadMem(32 bytes @ 0xE00FFFE0)
T50AC 000:320.171   [0][5]: E00FF000 CID B105100D PID 000BB4C9 ROM Table
T50AC 000:320.211   ROMTbl[1] @ E00FF000
T50AC 000:320.236   CPU_ReadMem(64 bytes @ 0xE00FF000)
T50AC 000:326.287   CPU_ReadMem(32 bytes @ 0xE000EFE0)
T50AC 000:330.177   CPU_ReadMem(4 bytes @ 0xE000EFBC)
T50AC 000:332.223   CPU_ReadMem(4 bytes @ 0xE000EFCC)
T50AC 000:334.272   [1][0]: E000E000 CID B105900D PID 000BBD21 DEVARCH 47702A04 DEVTYPE 00 Cortex-M33
T50AC 000:334.322   CPU_ReadMem(32 bytes @ 0xE0001FE0)
T50AC 000:338.251   CPU_ReadMem(4 bytes @ 0xE0001FBC)
T50AC 000:340.328   CPU_ReadMem(4 bytes @ 0xE0001FCC)
T50AC 000:342.361   [1][1]: E0001000 CID B105900D PID 000BBD21 DEVARCH 47701A02 DEVTYPE 00 DWT
T50AC 000:342.411   CPU_ReadMem(32 bytes @ 0xE0002FE0)
T50AC 000:346.340   CPU_ReadMem(4 bytes @ 0xE0002FBC)
T50AC 000:348.383   CPU_ReadMem(4 bytes @ 0xE0002FCC)
T50AC 000:350.374   [1][2]: E0002000 CID B105900D PID 000BBD21 DEVARCH 47701A03 DEVTYPE 00 FPB
T50AC 000:350.423   CPU_ReadMem(32 bytes @ 0xE0000FE0)
T50AC 000:354.335   CPU_ReadMem(4 bytes @ 0xE0000FBC)
T50AC 000:356.343   CPU_ReadMem(4 bytes @ 0xE0000FCC)
T50AC 000:358.295   [1][3]: E0000000 CID B105900D PID 000BBD21 DEVARCH 47701A01 DEVTYPE 43 ITM
T50AC 000:358.323   CPU_ReadMem(32 bytes @ 0xE0041FE0)
T50AC 000:362.209   CPU_ReadMem(4 bytes @ 0xE0041FBC)
T50AC 000:364.229   CPU_ReadMem(4 bytes @ 0xE0041FCC)
T50AC 000:366.174   [1][5]: E0041000 CID B105900D PID 002BBD21 DEVARCH 47724A13 DEVTYPE 13 ETM
T50AC 000:366.204   CPU_ReadMem(32 bytes @ 0xE0042FE0)
T50AC 000:370.038   CPU_ReadMem(4 bytes @ 0xE0042FBC)
T50AC 000:372.042   CPU_ReadMem(4 bytes @ 0xE0042FCC)
T50AC 000:374.015   [1][6]: E0042000 CID B105900D PID 000BBD21 DEVARCH 47701A14 DEVTYPE 14 CSS600-CTI
T50AC 000:374.157   CPU_ReadMem(4 bytes @ 0xE000EDF0)
T50AC 000:376.147   Data:  03 00 13 00
T50AC 000:376.186   Debug reg: DHCSR
T50AC 000:376.210 - 190.194ms returns 0
T50AC 000:376.350 JLINK_ReadMem(0x400E002C, 0x4 Bytes, ...)
T50AC 000:376.386   CPU_ReadMem(4 bytes @ 0x400E002C)
T50AC 000:378.402   Data:  02 00 00 00
T50AC 000:378.456 - 2.105ms returns 0
T50AC 000:378.543 JLINK_ReadMem(0xE000EDF0, 0x4 Bytes, ...)
T50AC 000:378.577   CPU_ReadMem(4 bytes @ 0xE000EDF0)
T50AC 000:380.610   Data:  03 00 13 00
T50AC 000:380.648   Debug reg: DHCSR
T50AC 000:380.671 - 2.128ms returns 0
T50AC 000:380.720 JLINK_ReadMem(0xE000EDF0, 0x4 Bytes, ...)
T50AC 000:380.747   CPU_ReadMem(4 bytes @ 0xE000EDF0)
T50AC 000:382.715   Data:  03 00 13 00
T50AC 000:382.744   Debug reg: DHCSR
T50AC 000:382.766 - 2.046ms returns 0
T50AC 000:382.790 JLINK_ReadMem(0x400E001C, 0x4 Bytes, ...)
T50AC 000:382.815   CPU_ReadMem(4 bytes @ 0x400E001C)
T50AC 000:384.755   Data:  00 0C 00 00
T50AC 000:384.787 - 1.997ms returns 0
T50AC 000:384.818 JLINK_ReadMem(0xE000EDF0, 0x4 Bytes, ...)
T50AC 000:384.845   CPU_ReadMem(4 bytes @ 0xE000EDF0)
T50AC 000:386.786   Data:  03 00 13 00
T50AC 000:386.814   Debug reg: DHCSR
T50AC 000:386.837 - 2.018ms returns 0
T50AC 000:386.859 JLINK_ReadMem(0x400E0018, 0x4 Bytes, ...)
T50AC 000:386.883   CPU_ReadMem(4 bytes @ 0x400E0018)
T50AC 000:388.833   Data:  00 80 00 00
T50AC 000:388.869 - 2.009ms returns 0
T50AC 000:388.902 JLINK_ReadMem(0xE000EDF0, 0x4 Bytes, ...)
T50AC 000:388.929   CPU_ReadMem(4 bytes @ 0xE000EDF0)
T50AC 000:390.895   Data:  03 00 13 00
T50AC 000:390.923   Debug reg: DHCSR
T50AC 000:390.945 - 2.043ms returns 0
T50AC 000:390.968 JLINK_ReadMem(0x400E0020, 0x4 Bytes, ...)
T50AC 000:390.993   CPU_ReadMem(4 bytes @ 0x400E0020)
T50AC 000:392.991   Data:  00 00 00 00
T50AC 000:393.041 - 2.072ms returns 0
T50AC 000:393.086 JLINK_ReadMem(0xE000EDF0, 0x4 Bytes, ...)
T50AC 000:393.120   CPU_ReadMem(4 bytes @ 0xE000EDF0)
T50AC 000:395.130   Data:  03 00 13 00
T50AC 000:395.158   Debug reg: DHCSR
T50AC 000:395.180 - 2.094ms returns 0
T50AC 000:395.205 JLINK_ReadMem(0x400E0028, 0x4 Bytes, ...)
T50AC 000:395.229   CPU_ReadMem(4 bytes @ 0x400E0028)
T50AC 000:397.182   Data:  00 08 00 00
T50AC 000:397.211 - 2.006ms returns 0
T50AC 000:397.240 JLINK_ReadMem(0xE000EDF0, 0x4 Bytes, ...)
T50AC 000:397.265   CPU_ReadMem(4 bytes @ 0xE000EDF0)
T50AC 000:399.206   Data:  03 00 13 00
T50AC 000:399.232   Debug reg: DHCSR
T50AC 000:399.254 - 2.013ms returns 0
T50AC 000:399.276 JLINK_ReadMem(0x400E0024, 0x4 Bytes, ...)
T50AC 000:399.300   CPU_ReadMem(4 bytes @ 0x400E0024)
T50AC 000:401.229   Data:  00 20 00 00
T50AC 000:401.257 - 1.981ms returns 0
T50AC 000:401.291 JLINK_ReadMem(0xE000EDF0, 0x4 Bytes, ...)
T50AC 000:401.315   CPU_ReadMem(4 bytes @ 0xE000EDF0)
T50AC 000:403.257   Data:  03 00 13 00
T50AC 000:403.287   Debug reg: DHCSR
T50AC 000:403.311 - 2.020ms returns 0
T50AC 000:403.337 JLINK_ReadMem(0x400E002C, 0x4 Bytes, ...)
T50AC 000:403.360   CPU_ReadMem(4 bytes @ 0x400E002C)
T50AC 000:405.293   Data:  02 00 00 00
T50AC 000:405.320 - 1.983ms returns 0
T50AC 000:405.423 JLINK_ReadMem(0xE000EDF0, 0x4 Bytes, ...)
T50AC 000:405.450   CPU_ReadMem(4 bytes @ 0xE000EDF0)
T50AC 000:407.397   Data:  03 00 13 00
T50AC 000:407.428   Debug reg: DHCSR
T50AC 000:407.453 - 2.030ms returns 0
T50AC 000:407.478 JLINK_ReadMem(0x400E002C, 0x4 Bytes, ...)
T50AC 000:407.504   CPU_ReadMem(4 bytes @ 0x400E002C)
T50AC 000:409.520   Data:  02 00 00 00
T50AC 000:409.566 - 2.087ms returns 0
T50AC 000:418.453 JLINK_Close()
T50AC 000:443.820 - 25.364ms
T50AC 000:443.872   
T50AC 000:443.889   Closed
